c:\users\tetcos.tetcos-pc\desktop\v10.0.14_x64\nakagami_x64_v10.0.14\without_using_m_file\ieee802_11\x64\debug\vc140.pdb
c:\users\tetcos.tetcos-pc\desktop\v10.0.14_x64\nakagami_x64_v10.0.14\without_using_m_file\ieee802_11\x64\debug\vc140.idb
c:\users\tetcos.tetcos-pc\desktop\v10.0.14_x64\nakagami_x64_v10.0.14\without_using_m_file\ieee802_11\x64\debug\ieee802.11_ofdmphy.obj
c:\users\tetcos.tetcos-pc\desktop\v10.0.14_x64\nakagami_x64_v10.0.14\without_using_m_file\ieee802_11\x64\debug\ieee802_11.obj
c:\users\tetcos.tetcos-pc\desktop\v10.0.14_x64\nakagami_x64_v10.0.14\without_using_m_file\ieee802_11\x64\debug\ieee802_11ac.obj
c:\users\tetcos.tetcos-pc\desktop\v10.0.14_x64\nakagami_x64_v10.0.14\without_using_m_file\ieee802_11\x64\debug\ieee802_11e.obj
c:\users\tetcos.tetcos-pc\desktop\v10.0.14_x64\nakagami_x64_v10.0.14\without_using_m_file\ieee802_11\x64\debug\ieee802_11n.obj
c:\users\tetcos.tetcos-pc\desktop\v10.0.14_x64\nakagami_x64_v10.0.14\without_using_m_file\ieee802_11\x64\debug\ieee802_11_dsssphy.obj
c:\users\tetcos.tetcos-pc\desktop\v10.0.14_x64\nakagami_x64_v10.0.14\without_using_m_file\ieee802_11\x64\debug\ieee802_11_enum.obj
c:\users\tetcos.tetcos-pc\desktop\v10.0.14_x64\nakagami_x64_v10.0.14\without_using_m_file\ieee802_11\x64\debug\ieee802_11_htphy.obj
c:\users\tetcos.tetcos-pc\desktop\v10.0.14_x64\nakagami_x64_v10.0.14\without_using_m_file\ieee802_11\x64\debug\ieee802_11_mac.obj
c:\users\tetcos.tetcos-pc\desktop\v10.0.14_x64\nakagami_x64_v10.0.14\without_using_m_file\ieee802_11\x64\debug\ieee802_11_macframe.obj
c:\users\tetcos.tetcos-pc\desktop\v10.0.14_x64\nakagami_x64_v10.0.14\without_using_m_file\ieee802_11\x64\debug\ieee802_11_phy.obj
c:\users\tetcos.tetcos-pc\desktop\v10.0.14_x64\nakagami_x64_v10.0.14\without_using_m_file\ieee802_11\x64\debug\ieee802_11_phyframe.obj
c:\users\tetcos.tetcos-pc\desktop\v10.0.14_x64\nakagami_x64_v10.0.14\without_using_m_file\ieee802_11\x64\debug\ieee802_11_radio.obj
c:\users\tetcos.tetcos-pc\desktop\v10.0.14_x64\nakagami_x64_v10.0.14\without_using_m_file\ieee802_11\x64\debug\infrastructurebss.obj
c:\users\tetcos.tetcos-pc\desktop\v10.0.14_x64\nakagami_x64_v10.0.14\without_using_m_file\ieee802_11\x64\debug\matlab_interface.obj
c:\users\tetcos.tetcos-pc\desktop\v10.0.14_x64\nakagami_x64_v10.0.14\without_using_m_file\ieee802_11\x64\debug\meshbss.obj
c:\users\tetcos.tetcos-pc\desktop\v10.0.14_x64\nakagami_x64_v10.0.14\without_using_m_file\ieee802_11\x64\debug\minstrel.obj
c:\users\tetcos.tetcos-pc\desktop\v10.0.14_x64\nakagami_x64_v10.0.14\without_using_m_file\ieee802_11\x64\debug\minstrel_ht.obj
c:\users\tetcos.tetcos-pc\desktop\v10.0.14_x64\nakagami_x64_v10.0.14\without_using_m_file\ieee802_11\x64\debug\propagationmodel.obj
c:\users\tetcos.tetcos-pc\desktop\v10.0.14_x64\nakagami_x64_v10.0.14\without_using_m_file\ieee802_11\x64\debug\rts_cts.obj
c:\users\tetcos.tetcos-pc\desktop\v10.0.14_x64\nakagami_x64_v10.0.14\without_using_m_file\ieee802_11\x64\debug\csmaca.obj
c:\users\tetcos.tetcos-pc\desktop\v10.0.14_x64\nakagami_x64_v10.0.14\without_using_m_file\ieee802_11\x64\debug\generic_rateadaptation.obj
c:\users\tetcos.tetcos-pc\desktop\v10.0.14_x64\nakagami_x64_v10.0.14\without_using_m_file\ieee802_11\x64\debug\ieee1609_interface.obj
c:\users\tetcos.tetcos-pc\desktop\v10.0.14_x64\nakagami_x64_v10.0.14\without_using_m_file\dll\ieee802_11.lib
c:\users\tetcos.tetcos-pc\desktop\v10.0.14_x64\nakagami_x64_v10.0.14\without_using_m_file\dll\ieee802_11.exp
c:\users\tetcos.tetcos-pc\desktop\v10.0.14_x64\nakagami_x64_v10.0.14\without_using_m_file\dll\libieee802.11.dll
c:\users\tetcos.tetcos-pc\desktop\v10.0.14_x64\nakagami_x64_v10.0.14\without_using_m_file\dll\ieee802_11.pdb
c:\users\tetcos.tetcos-pc\desktop\v10.0.14_x64\nakagami_x64_v10.0.14\without_using_m_file\ieee802_11\x64\debug\ieee802_11.tlog\cl.command.1.tlog
c:\users\tetcos.tetcos-pc\desktop\v10.0.14_x64\nakagami_x64_v10.0.14\without_using_m_file\ieee802_11\x64\debug\ieee802_11.tlog\cl.read.1.tlog
c:\users\tetcos.tetcos-pc\desktop\v10.0.14_x64\nakagami_x64_v10.0.14\without_using_m_file\ieee802_11\x64\debug\ieee802_11.tlog\cl.write.1.tlog
c:\users\tetcos.tetcos-pc\desktop\v10.0.14_x64\nakagami_x64_v10.0.14\without_using_m_file\ieee802_11\x64\debug\ieee802_11.tlog\ieee802_11.write.1u.tlog
c:\users\tetcos.tetcos-pc\desktop\v10.0.14_x64\nakagami_x64_v10.0.14\without_using_m_file\ieee802_11\x64\debug\ieee802_11.tlog\link.command.1.tlog
c:\users\tetcos.tetcos-pc\desktop\v10.0.14_x64\nakagami_x64_v10.0.14\without_using_m_file\ieee802_11\x64\debug\ieee802_11.tlog\link.read.1.tlog
c:\users\tetcos.tetcos-pc\desktop\v10.0.14_x64\nakagami_x64_v10.0.14\without_using_m_file\ieee802_11\x64\debug\ieee802_11.tlog\link.write.1.tlog
